['INFO ]2023-07-08 00:27:58,881(YYYY-MM-ddHH:MM:ss.SSS][main]Utilities.Loggerload1)-
['INFO ]2023-07-08 00:28:01,573(YYYY-MM-ddHH:MM:ss.SSS][main]Utilities.Loggerload1)-******************* Launching Home Page******************
['WARN ]2023-07-08 00:28:06,649(YYYY-MM-ddHH:MM:ss.SSS][main]Utilities.Loggerload1)-******************You have got a login failure warning*********************
['WARN ]2023-07-08 00:28:07,969(YYYY-MM-ddHH:MM:ss.SSS][main]Utilities.Loggerload1)-******************You have got a login failure warning*********************
['WARN ]2023-07-08 00:28:09,471(YYYY-MM-ddHH:MM:ss.SSS][main]Utilities.Loggerload1)-******************You have got a login failure warning*********************
['WARN ]2023-07-08 00:28:10,763(YYYY-MM-ddHH:MM:ss.SSS][main]Utilities.Loggerload1)-******************You have got a login failure warning*********************
['WARN ]2023-07-08 00:28:12,005(YYYY-MM-ddHH:MM:ss.SSS][main]Utilities.Loggerload1)-******************You have got a login failure warning*********************
['WARN ]2023-07-08 00:28:13,110(YYYY-MM-ddHH:MM:ss.SSS][main]Utilities.Loggerload1)-******************You have got a login failure warning*********************
['WARN ]2023-07-08 00:28:14,195(YYYY-MM-ddHH:MM:ss.SSS][main]Utilities.Loggerload1)-******************You have got a login failure warning*********************
['WARN ]2023-07-08 00:28:15,428(YYYY-MM-ddHH:MM:ss.SSS][main]Utilities.Loggerload1)-******************You have got a login failure warning*********************
['WARN ]2023-07-08 00:28:16,651(YYYY-MM-ddHH:MM:ss.SSS][main]Utilities.Loggerload1)-******************You have got a login failure warning*********************
['WARN ]2023-07-08 00:28:17,929(YYYY-MM-ddHH:MM:ss.SSS][main]Utilities.Loggerload1)-******************You have got a login failure warning*********************
['WARN ]2023-07-08 00:28:19,075(YYYY-MM-ddHH:MM:ss.SSS][main]Utilities.Loggerload1)-******************You have got a login failure warning*********************
['WARN ]2023-07-08 00:28:20,178(YYYY-MM-ddHH:MM:ss.SSS][main]Utilities.Loggerload1)-******************You have got a login failure warning*********************
['WARN ]2023-07-08 00:28:21,370(YYYY-MM-ddHH:MM:ss.SSS][main]Utilities.Loggerload1)-******************You have got a login failure warning*********************
['INFO ]2023-07-08 00:28:22,084(YYYY-MM-ddHH:MM:ss.SSS][main]Utilities.Loggerload1)-*************Launching Signin Page*******************
['INFO ]2023-07-08 00:28:22,510(YYYY-MM-ddHH:MM:ss.SSS][main]Utilities.Loggerload1)-*************Launching Registration Page*******************
['INFO ]2023-07-08 00:28:22,633(YYYY-MM-ddHH:MM:ss.SSS][main]Utilities.Loggerload1)-Registration
['INFO ]2023-07-08 00:28:22,821(YYYY-MM-ddHH:MM:ss.SSS][main]Utilities.Loggerload1)-******************* Launching Home Page******************
['INFO ]2023-07-09 00:03:26,328(YYYY-MM-ddHH:MM:ss.SSS][main]Utilities.Loggerload1)-
['INFO ]2023-07-09 00:03:27,354(YYYY-MM-ddHH:MM:ss.SSS][main]Utilities.Loggerload1)-******************* Launching Home Page******************
['WARN ]2023-07-09 00:03:30,458(YYYY-MM-ddHH:MM:ss.SSS][main]Utilities.Loggerload1)-******************You have got a login failure warning*********************
['WARN ]2023-07-09 00:03:31,394(YYYY-MM-ddHH:MM:ss.SSS][main]Utilities.Loggerload1)-******************You have got a login failure warning*********************
['WARN ]2023-07-09 00:03:32,260(YYYY-MM-ddHH:MM:ss.SSS][main]Utilities.Loggerload1)-******************You have got a login failure warning*********************
['WARN ]2023-07-09 00:03:33,249(YYYY-MM-ddHH:MM:ss.SSS][main]Utilities.Loggerload1)-******************You have got a login failure warning*********************
['WARN ]2023-07-09 00:03:34,158(YYYY-MM-ddHH:MM:ss.SSS][main]Utilities.Loggerload1)-******************You have got a login failure warning*********************
['WARN ]2023-07-09 00:03:35,057(YYYY-MM-ddHH:MM:ss.SSS][main]Utilities.Loggerload1)-******************You have got a login failure warning*********************
['WARN ]2023-07-09 00:03:35,873(YYYY-MM-ddHH:MM:ss.SSS][main]Utilities.Loggerload1)-******************You have got a login failure warning*********************
['WARN ]2023-07-09 00:03:36,863(YYYY-MM-ddHH:MM:ss.SSS][main]Utilities.Loggerload1)-******************You have got a login failure warning*********************
['WARN ]2023-07-09 00:03:37,779(YYYY-MM-ddHH:MM:ss.SSS][main]Utilities.Loggerload1)-******************You have got a login failure warning*********************
['WARN ]2023-07-09 00:03:38,595(YYYY-MM-ddHH:MM:ss.SSS][main]Utilities.Loggerload1)-******************You have got a login failure warning*********************
['WARN ]2023-07-09 00:03:39,360(YYYY-MM-ddHH:MM:ss.SSS][main]Utilities.Loggerload1)-******************You have got a login failure warning*********************
['WARN ]2023-07-09 00:03:40,181(YYYY-MM-ddHH:MM:ss.SSS][main]Utilities.Loggerload1)-******************You have got a login failure warning*********************
['WARN ]2023-07-09 00:03:40,981(YYYY-MM-ddHH:MM:ss.SSS][main]Utilities.Loggerload1)-******************You have got a login failure warning*********************
['INFO ]2023-07-09 00:03:41,247(YYYY-MM-ddHH:MM:ss.SSS][main]Utilities.Loggerload1)-*************Launching Signin Page*******************
['INFO ]2023-07-09 00:03:41,484(YYYY-MM-ddHH:MM:ss.SSS][main]Utilities.Loggerload1)-*************Launching Registration Page*******************
['INFO ]2023-07-09 00:03:41,766(YYYY-MM-ddHH:MM:ss.SSS][main]Utilities.Loggerload1)-Registration
['INFO ]2023-07-09 00:03:41,915(YYYY-MM-ddHH:MM:ss.SSS][main]Utilities.Loggerload1)-******************* Launching Home Page******************
